Вт 01 дек 2020 20:31:01 MSK
Ср 02 дек 2020 13:00:01 MSK
Ср 02 дек 2020 14:00:01 MSK
Сб 05 дек 2020 18:00:01 MSK
Сб 05 дек 2020 19:00:01 MSK
Сб 05 дек 2020 20:00:01 MSK
Вс 06 дек 2020 23:00:01 MSK
Пн 07 дек 2020 00:00:01 MSK
Пн 07 дек 2020 01:00:01 MSK
Ср 09 дек 2020 14:00:01 MSK
Ср 09 дек 2020 15:00:01 MSK
Ср 09 дек 2020 16:00:01 MSK
Ср 09 дек 2020 17:00:01 MSK
Чт 10 дек 2020 19:00:01 MSK
Чт 10 дек 2020 20:00:02 MSK
Пн 21 дек 2020 21:00:01 MSK
Сб 02 янв 2021 14:00:01 MSK
Сб 02 янв 2021 18:00:01 MSK
Сб 02 янв 2021 21:00:01 MSK
hello devops

this is dev1
